{
  "stats": {
    "suites": 47,
    "tests": 46,
    "passes": 46,
    "pending": 0,
    "failures": 0,
    "start": "2021-11-23T22:28:49.316Z",
    "end": "2021-11-23T22:29:40.189Z",
    "duration": 50873,
    "testsRegistered": 46,
    "passPercent": 100,
    "pendingPercent": 0,
    "other": 0,
    "hasOther": false,
    "skipped": 0,
    "hasSkipped": false
  },
  "results": [
    {
      "uuid": "13fa4e33-d203-41d8-982d-8c31849639c3",
      "title": "",
      "fullFile": "",
      "file": "",
      "beforeHooks": [],
      "afterHooks": [],
      "tests": [],
      "suites": [
        {
          "uuid": "e9bf2974-4ff7-4709-b57d-43b69ed35114",
          "title": "Accessibility",
          "fullFile": "/Users/m_436812/Documents/GitHub/CCS/CaT/ccs-scale-cat-buyer-ui/src/test/a11y/a11y.ts",
          "file": "/src/test/a11y/a11y.ts",
          "beforeHooks": [],
          "afterHooks": [],
          "tests": [],
          "suites": [
            {
              "uuid": "4dd3c31e-217c-48cb-a9ea-738600f113e7",
              "title": "Page /",
              "fullFile": "/Users/m_436812/Documents/GitHub/CCS/CaT/ccs-scale-cat-buyer-ui/src/test/a11y/a11y.ts",
              "file": "/src/test/a11y/a11y.ts",
              "beforeHooks": [],
              "afterHooks": [],
              "tests": [],
              "suites": [
                {
                  "uuid": "b8e98a02-d7e2-48a6-b2b6-a4b36815896b",
                  "title": "Pa11y tests for /",
                  "fullFile": "/Users/m_436812/Documents/GitHub/CCS/CaT/ccs-scale-cat-buyer-ui/src/test/a11y/a11y.ts",
                  "file": "/src/test/a11y/a11y.ts",
                  "beforeHooks": [
                    {
                      "title": "\"before all\" hook",
                      "fullTitle": "Accessibility Page / Pa11y tests for / \"before all\" hook",
                      "timedOut": false,
                      "duration": 2509,
                      "state": null,
                      "speed": null,
                      "pass": false,
                      "fail": false,
                      "pending": false,
                      "context": null,
                      "code": "issues = await runPa11y(agent.get(uri).url);",
                      "err": {},
                      "uuid": "0ebd8508-ad8d-4d25-aa3d-5e649b3620e4",
                      "parentUUID": "b8e98a02-d7e2-48a6-b2b6-a4b36815896b",
                      "isHook": true,
                      "skipped": false
                    }
                  ],
                  "afterHooks": [],
                  "tests": [
                    {
                      "title": "should have no accessibility errors",
                      "fullTitle": "Accessibility Page / Pa11y tests for / should have no accessibility errors",
                      "timedOut": false,
                      "duration": 0,
                      "state": "passed",
                      "speed": "fast",
                      "pass": true,
                      "fail": false,
                      "pending": false,
                      "context": null,
                      "code": "ensureNoAccessibilityAlerts('error', issues);",
                      "err": {},
                      "uuid": "67f19bf8-3c59-4516-9a8e-060804c8a427",
                      "parentUUID": "b8e98a02-d7e2-48a6-b2b6-a4b36815896b",
                      "isHook": false,
                      "skipped": false
                    },
                    {
                      "title": "should have no accessibility warnings",
                      "fullTitle": "Accessibility Page / Pa11y tests for / should have no accessibility warnings",
                      "timedOut": false,
                      "duration": 0,
                      "state": "passed",
                      "speed": "fast",
                      "pass": true,
                      "fail": false,
                      "pending": false,
                      "context": null,
                      "code": "ensureNoAccessibilityAlerts('warning', issues);",
                      "err": {},
                      "uuid": "6e18a365-a1ea-4463-ba30-dd3941927ae1",
                      "parentUUID": "b8e98a02-d7e2-48a6-b2b6-a4b36815896b",
                      "isHook": false,
                      "skipped": false
                    }
                  ],
                  "suites": [],
                  "passes": [
                    "67f19bf8-3c59-4516-9a8e-060804c8a427",
                    "6e18a365-a1ea-4463-ba30-dd3941927ae1"
                  ],
                  "failures": [],
                  "pending": [],
                  "skipped": [],
                  "duration": 0,
                  "root": false,
                  "rootEmpty": false,
                  "_timeout": 60000
                }
              ],
              "passes": [],
              "failures": [],
              "pending": [],
              "skipped": [],
              "duration": 0,
              "root": false,
              "rootEmpty": false,
              "_timeout": 60000
            },
            {
              "uuid": "51788199-84c6-4ed9-935f-6de5d54ac11b",
              "title": "Page /projects/choose-agreement",
              "fullFile": "/Users/m_436812/Documents/GitHub/CCS/CaT/ccs-scale-cat-buyer-ui/src/test/a11y/a11y.ts",
              "file": "/src/test/a11y/a11y.ts",
              "beforeHooks": [],
              "afterHooks": [],
              "tests": [],
              "suites": [
                {
                  "uuid": "cde06e4b-e304-46c4-b67e-ddf1828a01b7",
                  "title": "Pa11y tests for /projects/choose-agreement",
                  "fullFile": "/Users/m_436812/Documents/GitHub/CCS/CaT/ccs-scale-cat-buyer-ui/src/test/a11y/a11y.ts",
                  "file": "/src/test/a11y/a11y.ts",
                  "beforeHooks": [
                    {
                      "title": "\"before all\" hook",
                      "fullTitle": "Accessibility Page /projects/choose-agreement Pa11y tests for /projects/choose-agreement \"before all\" hook",
                      "timedOut": false,
                      "duration": 2558,
                      "state": null,
                      "speed": null,
                      "pass": false,
                      "fail": false,
                      "pending": false,
                      "context": null,
                      "code": "issues = await runPa11y(agent.get(uri).url);",
                      "err": {},
                      "uuid": "ff99dd08-f1a5-402c-b408-005e5df33bca",
                      "parentUUID": "cde06e4b-e304-46c4-b67e-ddf1828a01b7",
                      "isHook": true,
                      "skipped": false
                    }
                  ],
                  "afterHooks": [],
                  "tests": [
                    {
                      "title": "should have no accessibility errors",
                      "fullTitle": "Accessibility Page /projects/choose-agreement Pa11y tests for /projects/choose-agreement should have no accessibility errors",
                      "timedOut": false,
                      "duration": 0,
                      "state": "passed",
                      "speed": "fast",
                      "pass": true,
                      "fail": false,
                      "pending": false,
                      "context": null,
                      "code": "ensureNoAccessibilityAlerts('error', issues);",
                      "err": {},
                      "uuid": "b3d1ac13-9952-4b62-8637-fdf989291844",
                      "parentUUID": "cde06e4b-e304-46c4-b67e-ddf1828a01b7",
                      "isHook": false,
                      "skipped": false
                    },
                    {
                      "title": "should have no accessibility warnings",
                      "fullTitle": "Accessibility Page /projects/choose-agreement Pa11y tests for /projects/choose-agreement should have no accessibility warnings",
                      "timedOut": false,
                      "duration": 0,
                      "state": "passed",
                      "speed": "fast",
                      "pass": true,
                      "fail": false,
                      "pending": false,
                      "context": null,
                      "code": "ensureNoAccessibilityAlerts('warning', issues);",
                      "err": {},
                      "uuid": "16d86eca-165a-4aec-b483-f375aea29043",
                      "parentUUID": "cde06e4b-e304-46c4-b67e-ddf1828a01b7",
                      "isHook": false,
                      "skipped": false
                    }
                  ],
                  "suites": [],
                  "passes": [
                    "b3d1ac13-9952-4b62-8637-fdf989291844",
                    "16d86eca-165a-4aec-b483-f375aea29043"
                  ],
                  "failures": [],
                  "pending": [],
                  "skipped": [],
                  "duration": 0,
                  "root": false,
                  "rootEmpty": false,
                  "_timeout": 60000
                }
              ],
              "passes": [],
              "failures": [],
              "pending": [],
              "skipped": [],
              "duration": 0,
              "root": false,
              "rootEmpty": false,
              "_timeout": 60000
            },
            {
              "uuid": "2679df44-a51d-4aae-97d0-62bd0951773a",
              "title": "Page /agreement/lot",
              "fullFile": "/Users/m_436812/Documents/GitHub/CCS/CaT/ccs-scale-cat-buyer-ui/src/test/a11y/a11y.ts",
              "file": "/src/test/a11y/a11y.ts",
              "beforeHooks": [],
              "afterHooks": [],
              "tests": [],
              "suites": [
                {
                  "uuid": "5b18b284-b871-4265-a223-96c77fb7d554",
                  "title": "Pa11y tests for /agreement/lot",
                  "fullFile": "/Users/m_436812/Documents/GitHub/CCS/CaT/ccs-scale-cat-buyer-ui/src/test/a11y/a11y.ts",
                  "file": "/src/test/a11y/a11y.ts",
                  "beforeHooks": [
                    {
                      "title": "\"before all\" hook",
                      "fullTitle": "Accessibility Page /agreement/lot Pa11y tests for /agreement/lot \"before all\" hook",
                      "timedOut": false,
                      "duration": 2362,
                      "state": null,
                      "speed": null,
                      "pass": false,
                      "fail": false,
                      "pending": false,
                      "context": null,
                      "code": "issues = await runPa11y(agent.get(uri).url);",
                      "err": {},
                      "uuid": "a5d652d5-c9e6-4234-88c2-5c75b487d381",
                      "parentUUID": "5b18b284-b871-4265-a223-96c77fb7d554",
                      "isHook": true,
                      "skipped": false
                    }
                  ],
                  "afterHooks": [],
                  "tests": [
                    {
                      "title": "should have no accessibility errors",
                      "fullTitle": "Accessibility Page /agreement/lot Pa11y tests for /agreement/lot should have no accessibility errors",
                      "timedOut": false,
                      "duration": 0,
                      "state": "passed",
                      "speed": "fast",
                      "pass": true,
                      "fail": false,
                      "pending": false,
                      "context": null,
                      "code": "ensureNoAccessibilityAlerts('error', issues);",
                      "err": {},
                      "uuid": "abefa1a4-dbea-4bbf-8da4-11628b126b84",
                      "parentUUID": "5b18b284-b871-4265-a223-96c77fb7d554",
                      "isHook": false,
                      "skipped": false
                    },
                    {
                      "title": "should have no accessibility warnings",
                      "fullTitle": "Accessibility Page /agreement/lot Pa11y tests for /agreement/lot should have no accessibility warnings",
                      "timedOut": false,
                      "duration": 0,
                      "state": "passed",
                      "speed": "fast",
                      "pass": true,
                      "fail": false,
                      "pending": false,
                      "context": null,
                      "code": "ensureNoAccessibilityAlerts('warning', issues);",
                      "err": {},
                      "uuid": "c3884831-a9e6-4983-9eb4-80360205acca",
                      "parentUUID": "5b18b284-b871-4265-a223-96c77fb7d554",
                      "isHook": false,
                      "skipped": false
                    }
                  ],
                  "suites": [],
                  "passes": [
                    "abefa1a4-dbea-4bbf-8da4-11628b126b84",
                    "c3884831-a9e6-4983-9eb4-80360205acca"
                  ],
                  "failures": [],
                  "pending": [],
                  "skipped": [],
                  "duration": 0,
                  "root": false,
                  "rootEmpty": false,
                  "_timeout": 60000
                }
              ],
              "passes": [],
              "failures": [],
              "pending": [],
              "skipped": [],
              "duration": 0,
              "root": false,
              "rootEmpty": false,
              "_timeout": 60000
            },
            {
              "uuid": "fe344d2e-f2a2-45da-880c-c65d1b24bf57",
              "title": "Page /projects/selected-agreement",
              "fullFile": "/Users/m_436812/Documents/GitHub/CCS/CaT/ccs-scale-cat-buyer-ui/src/test/a11y/a11y.ts",
              "file": "/src/test/a11y/a11y.ts",
              "beforeHooks": [],
              "afterHooks": [],
              "tests": [],
              "suites": [
                {
                  "uuid": "3912954e-e461-4a66-b279-2719455fbdea",
                  "title": "Pa11y tests for /projects/selected-agreement",
                  "fullFile": "/Users/m_436812/Documents/GitHub/CCS/CaT/ccs-scale-cat-buyer-ui/src/test/a11y/a11y.ts",
                  "file": "/src/test/a11y/a11y.ts",
                  "beforeHooks": [
                    {
                      "title": "\"before all\" hook",
                      "fullTitle": "Accessibility Page /projects/selected-agreement Pa11y tests for /projects/selected-agreement \"before all\" hook",
                      "timedOut": false,
                      "duration": 2477,
                      "state": null,
                      "speed": null,
                      "pass": false,
                      "fail": false,
                      "pending": false,
                      "context": null,
                      "code": "issues = await runPa11y(agent.get(uri).url);",
                      "err": {},
                      "uuid": "4088aeff-b2d6-456c-a2bd-90241377b463",
                      "parentUUID": "3912954e-e461-4a66-b279-2719455fbdea",
                      "isHook": true,
                      "skipped": false
                    }
                  ],
                  "afterHooks": [],
                  "tests": [
                    {
                      "title": "should have no accessibility errors",
                      "fullTitle": "Accessibility Page /projects/selected-agreement Pa11y tests for /projects/selected-agreement should have no accessibility errors",
                      "timedOut": false,
                      "duration": 0,
                      "state": "passed",
                      "speed": "fast",
                      "pass": true,
                      "fail": false,
                      "pending": false,
                      "context": null,
                      "code": "ensureNoAccessibilityAlerts('error', issues);",
                      "err": {},
                      "uuid": "2a4b7a04-38a1-46ed-b55f-077331d20353",
                      "parentUUID": "3912954e-e461-4a66-b279-2719455fbdea",
                      "isHook": false,
                      "skipped": false
                    },
                    {
                      "title": "should have no accessibility warnings",
                      "fullTitle": "Accessibility Page /projects/selected-agreement Pa11y tests for /projects/selected-agreement should have no accessibility warnings",
                      "timedOut": false,
                      "duration": 0,
                      "state": "passed",
                      "speed": "fast",
                      "pass": true,
                      "fail": false,
                      "pending": false,
                      "context": null,
                      "code": "ensureNoAccessibilityAlerts('warning', issues);",
                      "err": {},
                      "uuid": "f35a33f8-ed32-4094-a0ce-8a6e10a31e35",
                      "parentUUID": "3912954e-e461-4a66-b279-2719455fbdea",
                      "isHook": false,
                      "skipped": false
                    }
                  ],
                  "suites": [],
                  "passes": [
                    "2a4b7a04-38a1-46ed-b55f-077331d20353",
                    "f35a33f8-ed32-4094-a0ce-8a6e10a31e35"
                  ],
                  "failures": [],
                  "pending": [],
                  "skipped": [],
                  "duration": 0,
                  "root": false,
                  "rootEmpty": false,
                  "_timeout": 60000
                }
              ],
              "passes": [],
              "failures": [],
              "pending": [],
              "skipped": [],
              "duration": 0,
              "root": false,
              "rootEmpty": false,
              "_timeout": 60000
            },
            {
              "uuid": "0c7f7647-e412-42df-854c-97bf0638fc24",
              "title": "Page /dashboard",
              "fullFile": "/Users/m_436812/Documents/GitHub/CCS/CaT/ccs-scale-cat-buyer-ui/src/test/a11y/a11y.ts",
              "file": "/src/test/a11y/a11y.ts",
              "beforeHooks": [],
              "afterHooks": [],
              "tests": [],
              "suites": [
                {
                  "uuid": "5b29f28c-ab2d-41ca-92f9-e0536af10dad",
                  "title": "Pa11y tests for /dashboard",
                  "fullFile": "/Users/m_436812/Documents/GitHub/CCS/CaT/ccs-scale-cat-buyer-ui/src/test/a11y/a11y.ts",
                  "file": "/src/test/a11y/a11y.ts",
                  "beforeHooks": [
                    {
                      "title": "\"before all\" hook",
                      "fullTitle": "Accessibility Page /dashboard Pa11y tests for /dashboard \"before all\" hook",
                      "timedOut": false,
                      "duration": 2386,
                      "state": null,
                      "speed": null,
                      "pass": false,
                      "fail": false,
                      "pending": false,
                      "context": null,
                      "code": "issues = await runPa11y(agent.get(uri).url);",
                      "err": {},
                      "uuid": "1614c06b-6154-46e4-aac2-1d996cd5b7da",
                      "parentUUID": "5b29f28c-ab2d-41ca-92f9-e0536af10dad",
                      "isHook": true,
                      "skipped": false
                    }
                  ],
                  "afterHooks": [],
                  "tests": [
                    {
                      "title": "should have no accessibility errors",
                      "fullTitle": "Accessibility Page /dashboard Pa11y tests for /dashboard should have no accessibility errors",
                      "timedOut": false,
                      "duration": 1,
                      "state": "passed",
                      "speed": "fast",
                      "pass": true,
                      "fail": false,
                      "pending": false,
                      "context": null,
                      "code": "ensureNoAccessibilityAlerts('error', issues);",
                      "err": {},
                      "uuid": "265cff82-bd47-4504-bde3-ec729283594e",
                      "parentUUID": "5b29f28c-ab2d-41ca-92f9-e0536af10dad",
                      "isHook": false,
                      "skipped": false
                    },
                    {
                      "title": "should have no accessibility warnings",
                      "fullTitle": "Accessibility Page /dashboard Pa11y tests for /dashboard should have no accessibility warnings",
                      "timedOut": false,
                      "duration": 0,
                      "state": "passed",
                      "speed": "fast",
                      "pass": true,
                      "fail": false,
                      "pending": false,
                      "context": null,
                      "code": "ensureNoAccessibilityAlerts('warning', issues);",
                      "err": {},
                      "uuid": "927285b2-f226-4759-a498-6e1f0f3e64f2",
                      "parentUUID": "5b29f28c-ab2d-41ca-92f9-e0536af10dad",
                      "isHook": false,
                      "skipped": false
                    }
                  ],
                  "suites": [],
                  "passes": [
                    "265cff82-bd47-4504-bde3-ec729283594e",
                    "927285b2-f226-4759-a498-6e1f0f3e64f2"
                  ],
                  "failures": [],
                  "pending": [],
                  "skipped": [],
                  "duration": 1,
                  "root": false,
                  "rootEmpty": false,
                  "_timeout": 60000
                }
              ],
              "passes": [],
              "failures": [],
              "pending": [],
              "skipped": [],
              "duration": 0,
              "root": false,
              "rootEmpty": false,
              "_timeout": 60000
            },
            {
              "uuid": "410742cc-7b7e-43a4-9ba6-64eebbe79a9b",
              "title": "Page /projects/create-or-choose",
              "fullFile": "/Users/m_436812/Documents/GitHub/CCS/CaT/ccs-scale-cat-buyer-ui/src/test/a11y/a11y.ts",
              "file": "/src/test/a11y/a11y.ts",
              "beforeHooks": [],
              "afterHooks": [],
              "tests": [],
              "suites": [
                {
                  "uuid": "c302bd3d-ec04-4f13-bbd1-12b7c10869eb",
                  "title": "Pa11y tests for /projects/create-or-choose",
                  "fullFile": "/Users/m_436812/Documents/GitHub/CCS/CaT/ccs-scale-cat-buyer-ui/src/test/a11y/a11y.ts",
                  "file": "/src/test/a11y/a11y.ts",
                  "beforeHooks": [
                    {
                      "title": "\"before all\" hook",
                      "fullTitle": "Accessibility Page /projects/create-or-choose Pa11y tests for /projects/create-or-choose \"before all\" hook",
                      "timedOut": false,
                      "duration": 2282,
                      "state": null,
                      "speed": null,
                      "pass": false,
                      "fail": false,
                      "pending": false,
                      "context": null,
                      "code": "issues = await runPa11y(agent.get(uri).url);",
                      "err": {},
                      "uuid": "66f42f6b-3ce2-4757-b82c-fdf0699f2009",
                      "parentUUID": "c302bd3d-ec04-4f13-bbd1-12b7c10869eb",
                      "isHook": true,
                      "skipped": false
                    }
                  ],
                  "afterHooks": [],
                  "tests": [
                    {
                      "title": "should have no accessibility errors",
                      "fullTitle": "Accessibility Page /projects/create-or-choose Pa11y tests for /projects/create-or-choose should have no accessibility errors",
                      "timedOut": false,
                      "duration": 0,
                      "state": "passed",
                      "speed": "fast",
                      "pass": true,
                      "fail": false,
                      "pending": false,
                      "context": null,
                      "code": "ensureNoAccessibilityAlerts('error', issues);",
                      "err": {},
                      "uuid": "ebb6204a-5384-48c1-bac9-91b07ce52a01",
                      "parentUUID": "c302bd3d-ec04-4f13-bbd1-12b7c10869eb",
                      "isHook": false,
                      "skipped": false
                    },
                    {
                      "title": "should have no accessibility warnings",
                      "fullTitle": "Accessibility Page /projects/create-or-choose Pa11y tests for /projects/create-or-choose should have no accessibility warnings",
                      "timedOut": false,
                      "duration": 0,
                      "state": "passed",
                      "speed": "fast",
                      "pass": true,
                      "fail": false,
                      "pending": false,
                      "context": null,
                      "code": "ensureNoAccessibilityAlerts('warning', issues);",
                      "err": {},
                      "uuid": "2d9ff9c2-6f86-4e97-8634-95edd2390499",
                      "parentUUID": "c302bd3d-ec04-4f13-bbd1-12b7c10869eb",
                      "isHook": false,
                      "skipped": false
                    }
                  ],
                  "suites": [],
                  "passes": [
                    "ebb6204a-5384-48c1-bac9-91b07ce52a01",
                    "2d9ff9c2-6f86-4e97-8634-95edd2390499"
                  ],
                  "failures": [],
                  "pending": [],
                  "skipped": [],
                  "duration": 0,
                  "root": false,
                  "rootEmpty": false,
                  "_timeout": 60000
                }
              ],
              "passes": [],
              "failures": [],
              "pending": [],
              "skipped": [],
              "duration": 0,
              "root": false,
              "rootEmpty": false,
              "_timeout": 60000
            },
            {
              "uuid": "fb76625d-a5b0-43f7-bbf9-444007cd18d7",
              "title": "Page /rfi/add-collaborators",
              "fullFile": "/Users/m_436812/Documents/GitHub/CCS/CaT/ccs-scale-cat-buyer-ui/src/test/a11y/a11y.ts",
              "file": "/src/test/a11y/a11y.ts",
              "beforeHooks": [],
              "afterHooks": [],
              "tests": [],
              "suites": [
                {
                  "uuid": "6525901e-bab2-4ef7-ac83-a3c1223bbf9e",
                  "title": "Pa11y tests for /rfi/add-collaborators",
                  "fullFile": "/Users/m_436812/Documents/GitHub/CCS/CaT/ccs-scale-cat-buyer-ui/src/test/a11y/a11y.ts",
                  "file": "/src/test/a11y/a11y.ts",
                  "beforeHooks": [
                    {
                      "title": "\"before all\" hook",
                      "fullTitle": "Accessibility Page /rfi/add-collaborators Pa11y tests for /rfi/add-collaborators \"before all\" hook",
                      "timedOut": false,
                      "duration": 2313,
                      "state": null,
                      "speed": null,
                      "pass": false,
                      "fail": false,
                      "pending": false,
                      "context": null,
                      "code": "issues = await runPa11y(agent.get(uri).url);",
                      "err": {},
                      "uuid": "184b3ad8-08a7-4ab0-8168-7f29b36fc018",
                      "parentUUID": "6525901e-bab2-4ef7-ac83-a3c1223bbf9e",
                      "isHook": true,
                      "skipped": false
                    }
                  ],
                  "afterHooks": [],
                  "tests": [
                    {
                      "title": "should have no accessibility errors",
                      "fullTitle": "Accessibility Page /rfi/add-collaborators Pa11y tests for /rfi/add-collaborators should have no accessibility errors",
                      "timedOut": false,
                      "duration": 0,
                      "state": "passed",
                      "speed": "fast",
                      "pass": true,
                      "fail": false,
                      "pending": false,
                      "context": null,
                      "code": "ensureNoAccessibilityAlerts('error', issues);",
                      "err": {},
                      "uuid": "24676fce-26d5-462f-ac81-d746a4429ed7",
                      "parentUUID": "6525901e-bab2-4ef7-ac83-a3c1223bbf9e",
                      "isHook": false,
                      "skipped": false
                    },
                    {
                      "title": "should have no accessibility warnings",
                      "fullTitle": "Accessibility Page /rfi/add-collaborators Pa11y tests for /rfi/add-collaborators should have no accessibility warnings",
                      "timedOut": false,
                      "duration": 0,
                      "state": "passed",
                      "speed": "fast",
                      "pass": true,
                      "fail": false,
                      "pending": false,
                      "context": null,
                      "code": "ensureNoAccessibilityAlerts('warning', issues);",
                      "err": {},
                      "uuid": "fd420287-7a94-4de8-bdc7-725bba415f4d",
                      "parentUUID": "6525901e-bab2-4ef7-ac83-a3c1223bbf9e",
                      "isHook": false,
                      "skipped": false
                    }
                  ],
                  "suites": [],
                  "passes": [
                    "24676fce-26d5-462f-ac81-d746a4429ed7",
                    "fd420287-7a94-4de8-bdc7-725bba415f4d"
                  ],
                  "failures": [],
                  "pending": [],
                  "skipped": [],
                  "duration": 0,
                  "root": false,
                  "rootEmpty": false,
                  "_timeout": 60000
                }
              ],
              "passes": [],
              "failures": [],
              "pending": [],
              "skipped": [],
              "duration": 0,
              "root": false,
              "rootEmpty": false,
              "_timeout": 60000
            },
            {
              "uuid": "f41864d9-d152-4479-8b8a-2f0d4748e7a5",
              "title": "Page /rfi/procurement-lead",
              "fullFile": "/Users/m_436812/Documents/GitHub/CCS/CaT/ccs-scale-cat-buyer-ui/src/test/a11y/a11y.ts",
              "file": "/src/test/a11y/a11y.ts",
              "beforeHooks": [],
              "afterHooks": [],
              "tests": [],
              "suites": [
                {
                  "uuid": "006f4d5f-ca4e-4339-ac41-355af4732b5b",
                  "title": "Pa11y tests for /rfi/procurement-lead",
                  "fullFile": "/Users/m_436812/Documents/GitHub/CCS/CaT/ccs-scale-cat-buyer-ui/src/test/a11y/a11y.ts",
                  "file": "/src/test/a11y/a11y.ts",
                  "beforeHooks": [
                    {
                      "title": "\"before all\" hook",
                      "fullTitle": "Accessibility Page /rfi/procurement-lead Pa11y tests for /rfi/procurement-lead \"before all\" hook",
                      "timedOut": false,
                      "duration": 2798,
                      "state": null,
                      "speed": null,
                      "pass": false,
                      "fail": false,
                      "pending": false,
                      "context": null,
                      "code": "issues = await runPa11y(agent.get(uri).url);",
                      "err": {},
                      "uuid": "729d386b-5217-400a-b3a1-fa3ca5628f62",
                      "parentUUID": "006f4d5f-ca4e-4339-ac41-355af4732b5b",
                      "isHook": true,
                      "skipped": false
                    }
                  ],
                  "afterHooks": [],
                  "tests": [
                    {
                      "title": "should have no accessibility errors",
                      "fullTitle": "Accessibility Page /rfi/procurement-lead Pa11y tests for /rfi/procurement-lead should have no accessibility errors",
                      "timedOut": false,
                      "duration": 1,
                      "state": "passed",
                      "speed": "fast",
                      "pass": true,
                      "fail": false,
                      "pending": false,
                      "context": null,
                      "code": "ensureNoAccessibilityAlerts('error', issues);",
                      "err": {},
                      "uuid": "d05b3166-22d5-4b85-a584-fbaccd188094",
                      "parentUUID": "006f4d5f-ca4e-4339-ac41-355af4732b5b",
                      "isHook": false,
                      "skipped": false
                    },
                    {
                      "title": "should have no accessibility warnings",
                      "fullTitle": "Accessibility Page /rfi/procurement-lead Pa11y tests for /rfi/procurement-lead should have no accessibility warnings",
                      "timedOut": false,
                      "duration": 0,
                      "state": "passed",
                      "speed": "fast",
                      "pass": true,
                      "fail": false,
                      "pending": false,
                      "context": null,
                      "code": "ensureNoAccessibilityAlerts('warning', issues);",
                      "err": {},
                      "uuid": "c5ce507d-35f0-4ff1-9039-d3d2e5052038",
                      "parentUUID": "006f4d5f-ca4e-4339-ac41-355af4732b5b",
                      "isHook": false,
                      "skipped": false
                    }
                  ],
                  "suites": [],
                  "passes": [
                    "d05b3166-22d5-4b85-a584-fbaccd188094",
                    "c5ce507d-35f0-4ff1-9039-d3d2e5052038"
                  ],
                  "failures": [],
                  "pending": [],
                  "skipped": [],
                  "duration": 1,
                  "root": false,
                  "rootEmpty": false,
                  "_timeout": 60000
                }
              ],
              "passes": [],
              "failures": [],
              "pending": [],
              "skipped": [],
              "duration": 0,
              "root": false,
              "rootEmpty": false,
              "_timeout": 60000
            },
            {
              "uuid": "7054eb67-b230-459b-94e5-e51bf11ded56",
              "title": "Page /rfi/name-your-project",
              "fullFile": "/Users/m_436812/Documents/GitHub/CCS/CaT/ccs-scale-cat-buyer-ui/src/test/a11y/a11y.ts",
              "file": "/src/test/a11y/a11y.ts",
              "beforeHooks": [],
              "afterHooks": [],
              "tests": [],
              "suites": [
                {
                  "uuid": "acc76d8c-5a09-47c5-a6fa-be2493a362c0",
                  "title": "Pa11y tests for /rfi/name-your-project",
                  "fullFile": "/Users/m_436812/Documents/GitHub/CCS/CaT/ccs-scale-cat-buyer-ui/src/test/a11y/a11y.ts",
                  "file": "/src/test/a11y/a11y.ts",
                  "beforeHooks": [
                    {
                      "title": "\"before all\" hook",
                      "fullTitle": "Accessibility Page /rfi/name-your-project Pa11y tests for /rfi/name-your-project \"before all\" hook",
                      "timedOut": false,
                      "duration": 2301,
                      "state": null,
                      "speed": null,
                      "pass": false,
                      "fail": false,
                      "pending": false,
                      "context": null,
                      "code": "issues = await runPa11y(agent.get(uri).url);",
                      "err": {},
                      "uuid": "5f9f9054-ceb4-4150-bfce-e66a20570596",
                      "parentUUID": "acc76d8c-5a09-47c5-a6fa-be2493a362c0",
                      "isHook": true,
                      "skipped": false
                    }
                  ],
                  "afterHooks": [],
                  "tests": [
                    {
                      "title": "should have no accessibility errors",
                      "fullTitle": "Accessibility Page /rfi/name-your-project Pa11y tests for /rfi/name-your-project should have no accessibility errors",
                      "timedOut": false,
                      "duration": 0,
                      "state": "passed",
                      "speed": "fast",
                      "pass": true,
                      "fail": false,
                      "pending": false,
                      "context": null,
                      "code": "ensureNoAccessibilityAlerts('error', issues);",
                      "err": {},
                      "uuid": "b1adc9ae-c0c4-4b24-adce-8200db46c8c2",
                      "parentUUID": "acc76d8c-5a09-47c5-a6fa-be2493a362c0",
                      "isHook": false,
                      "skipped": false
                    },
                    {
                      "title": "should have no accessibility warnings",
                      "fullTitle": "Accessibility Page /rfi/name-your-project Pa11y tests for /rfi/name-your-project should have no accessibility warnings",
                      "timedOut": false,
                      "duration": 0,
                      "state": "passed",
                      "speed": "fast",
                      "pass": true,
                      "fail": false,
                      "pending": false,
                      "context": null,
                      "code": "ensureNoAccessibilityAlerts('warning', issues);",
                      "err": {},
                      "uuid": "dd80b95b-2976-4bca-8ba8-23cdb1c9fd29",
                      "parentUUID": "acc76d8c-5a09-47c5-a6fa-be2493a362c0",
                      "isHook": false,
                      "skipped": false
                    }
                  ],
                  "suites": [],
                  "passes": [
                    "b1adc9ae-c0c4-4b24-adce-8200db46c8c2",
                    "dd80b95b-2976-4bca-8ba8-23cdb1c9fd29"
                  ],
                  "failures": [],
                  "pending": [],
                  "skipped": [],
                  "duration": 0,
                  "root": false,
                  "rootEmpty": false,
                  "_timeout": 60000
                }
              ],
              "passes": [],
              "failures": [],
              "pending": [],
              "skipped": [],
              "duration": 0,
              "root": false,
              "rootEmpty": false,
              "_timeout": 60000
            },
            {
              "uuid": "effbb50e-0d60-4a15-8b91-0dc7d69e6ba6",
              "title": "Page /rfi/online-task-list",
              "fullFile": "/Users/m_436812/Documents/GitHub/CCS/CaT/ccs-scale-cat-buyer-ui/src/test/a11y/a11y.ts",
              "file": "/src/test/a11y/a11y.ts",
              "beforeHooks": [],
              "afterHooks": [],
              "tests": [],
              "suites": [
                {
                  "uuid": "9198b524-5612-4991-8d57-2607c97234fb",
                  "title": "Pa11y tests for /rfi/online-task-list",
                  "fullFile": "/Users/m_436812/Documents/GitHub/CCS/CaT/ccs-scale-cat-buyer-ui/src/test/a11y/a11y.ts",
                  "file": "/src/test/a11y/a11y.ts",
                  "beforeHooks": [
                    {
                      "title": "\"before all\" hook",
                      "fullTitle": "Accessibility Page /rfi/online-task-list Pa11y tests for /rfi/online-task-list \"before all\" hook",
                      "timedOut": false,
                      "duration": 2243,
                      "state": null,
                      "speed": null,
                      "pass": false,
                      "fail": false,
                      "pending": false,
                      "context": null,
                      "code": "issues = await runPa11y(agent.get(uri).url);",
                      "err": {},
                      "uuid": "ae5e9615-ad0a-4aac-89c9-82983fae63a4",
                      "parentUUID": "9198b524-5612-4991-8d57-2607c97234fb",
                      "isHook": true,
                      "skipped": false
                    }
                  ],
                  "afterHooks": [],
                  "tests": [
                    {
                      "title": "should have no accessibility errors",
                      "fullTitle": "Accessibility Page /rfi/online-task-list Pa11y tests for /rfi/online-task-list should have no accessibility errors",
                      "timedOut": false,
                      "duration": 0,
                      "state": "passed",
                      "speed": "fast",
                      "pass": true,
                      "fail": false,
                      "pending": false,
                      "context": null,
                      "code": "ensureNoAccessibilityAlerts('error', issues);",
                      "err": {},
                      "uuid": "dc5101ab-414f-458c-8145-e4665b892ff9",
                      "parentUUID": "9198b524-5612-4991-8d57-2607c97234fb",
                      "isHook": false,
                      "skipped": false
                    },
                    {
                      "title": "should have no accessibility warnings",
                      "fullTitle": "Accessibility Page /rfi/online-task-list Pa11y tests for /rfi/online-task-list should have no accessibility warnings",
                      "timedOut": false,
                      "duration": 1,
                      "state": "passed",
                      "speed": "fast",
                      "pass": true,
                      "fail": false,
                      "pending": false,
                      "context": null,
                      "code": "ensureNoAccessibilityAlerts('warning', issues);",
                      "err": {},
                      "uuid": "78fe8fb9-a84f-4f83-8cce-0d1f0104e232",
                      "parentUUID": "9198b524-5612-4991-8d57-2607c97234fb",
                      "isHook": false,
                      "skipped": false
                    }
                  ],
                  "suites": [],
                  "passes": [
                    "dc5101ab-414f-458c-8145-e4665b892ff9",
                    "78fe8fb9-a84f-4f83-8cce-0d1f0104e232"
                  ],
                  "failures": [],
                  "pending": [],
                  "skipped": [],
                  "duration": 1,
                  "root": false,
                  "rootEmpty": false,
                  "_timeout": 60000
                }
              ],
              "passes": [],
              "failures": [],
              "pending": [],
              "skipped": [],
              "duration": 0,
              "root": false,
              "rootEmpty": false,
              "_timeout": 60000
            },
            {
              "uuid": "c970d1ec-8bb0-44b9-93c5-d1d37c491248",
              "title": "Page /rfi/questions",
              "fullFile": "/Users/m_436812/Documents/GitHub/CCS/CaT/ccs-scale-cat-buyer-ui/src/test/a11y/a11y.ts",
              "file": "/src/test/a11y/a11y.ts",
              "beforeHooks": [],
              "afterHooks": [],
              "tests": [],
              "suites": [
                {
                  "uuid": "c4709c68-1bad-4846-8772-912b97b22f42",
                  "title": "Pa11y tests for /rfi/questions",
                  "fullFile": "/Users/m_436812/Documents/GitHub/CCS/CaT/ccs-scale-cat-buyer-ui/src/test/a11y/a11y.ts",
                  "file": "/src/test/a11y/a11y.ts",
                  "beforeHooks": [
                    {
                      "title": "\"before all\" hook",
                      "fullTitle": "Accessibility Page /rfi/questions Pa11y tests for /rfi/questions \"before all\" hook",
                      "timedOut": false,
                      "duration": 2294,
                      "state": null,
                      "speed": null,
                      "pass": false,
                      "fail": false,
                      "pending": false,
                      "context": null,
                      "code": "issues = await runPa11y(agent.get(uri).url);",
                      "err": {},
                      "uuid": "668a35e5-b0d0-44b3-b3fb-d7e259b7ce68",
                      "parentUUID": "c4709c68-1bad-4846-8772-912b97b22f42",
                      "isHook": true,
                      "skipped": false
                    }
                  ],
                  "afterHooks": [],
                  "tests": [
                    {
                      "title": "should have no accessibility errors",
                      "fullTitle": "Accessibility Page /rfi/questions Pa11y tests for /rfi/questions should have no accessibility errors",
                      "timedOut": false,
                      "duration": 0,
                      "state": "passed",
                      "speed": "fast",
                      "pass": true,
                      "fail": false,
                      "pending": false,
                      "context": null,
                      "code": "ensureNoAccessibilityAlerts('error', issues);",
                      "err": {},
                      "uuid": "8e847c4b-6711-417d-8eee-6d11bb383f82",
                      "parentUUID": "c4709c68-1bad-4846-8772-912b97b22f42",
                      "isHook": false,
                      "skipped": false
                    },
                    {
                      "title": "should have no accessibility warnings",
                      "fullTitle": "Accessibility Page /rfi/questions Pa11y tests for /rfi/questions should have no accessibility warnings",
                      "timedOut": false,
                      "duration": 1,
                      "state": "passed",
                      "speed": "fast",
                      "pass": true,
                      "fail": false,
                      "pending": false,
                      "context": null,
                      "code": "ensureNoAccessibilityAlerts('warning', issues);",
                      "err": {},
                      "uuid": "8563807e-06eb-466d-9aed-7b4cff4406ea",
                      "parentUUID": "c4709c68-1bad-4846-8772-912b97b22f42",
                      "isHook": false,
                      "skipped": false
                    }
                  ],
                  "suites": [],
                  "passes": [
                    "8e847c4b-6711-417d-8eee-6d11bb383f82",
                    "8563807e-06eb-466d-9aed-7b4cff4406ea"
                  ],
                  "failures": [],
                  "pending": [],
                  "skipped": [],
                  "duration": 1,
                  "root": false,
                  "rootEmpty": false,
                  "_timeout": 60000
                }
              ],
              "passes": [],
              "failures": [],
              "pending": [],
              "skipped": [],
              "duration": 0,
              "root": false,
              "rootEmpty": false,
              "_timeout": 60000
            },
            {
              "uuid": "d14cdb88-020e-4755-88ba-a6b84a7a93b0",
              "title": "Page /rfi/rfi-tasklist",
              "fullFile": "/Users/m_436812/Documents/GitHub/CCS/CaT/ccs-scale-cat-buyer-ui/src/test/a11y/a11y.ts",
              "file": "/src/test/a11y/a11y.ts",
              "beforeHooks": [],
              "afterHooks": [],
              "tests": [],
              "suites": [
                {
                  "uuid": "6b8f849f-b3f2-4e2d-9765-126ca25043df",
                  "title": "Pa11y tests for /rfi/rfi-tasklist",
                  "fullFile": "/Users/m_436812/Documents/GitHub/CCS/CaT/ccs-scale-cat-buyer-ui/src/test/a11y/a11y.ts",
                  "file": "/src/test/a11y/a11y.ts",
                  "beforeHooks": [
                    {
                      "title": "\"before all\" hook",
                      "fullTitle": "Accessibility Page /rfi/rfi-tasklist Pa11y tests for /rfi/rfi-tasklist \"before all\" hook",
                      "timedOut": false,
                      "duration": 2226,
                      "state": null,
                      "speed": null,
                      "pass": false,
                      "fail": false,
                      "pending": false,
                      "context": null,
                      "code": "issues = await runPa11y(agent.get(uri).url);",
                      "err": {},
                      "uuid": "3ffd0ffe-1526-4bf8-86ae-dd983228dcc1",
                      "parentUUID": "6b8f849f-b3f2-4e2d-9765-126ca25043df",
                      "isHook": true,
                      "skipped": false
                    }
                  ],
                  "afterHooks": [],
                  "tests": [
                    {
                      "title": "should have no accessibility errors",
                      "fullTitle": "Accessibility Page /rfi/rfi-tasklist Pa11y tests for /rfi/rfi-tasklist should have no accessibility errors",
                      "timedOut": false,
                      "duration": 0,
                      "state": "passed",
                      "speed": "fast",
                      "pass": true,
                      "fail": false,
                      "pending": false,
                      "context": null,
                      "code": "ensureNoAccessibilityAlerts('error', issues);",
                      "err": {},
                      "uuid": "e05ca008-187f-4393-96fc-3981fb0ef536",
                      "parentUUID": "6b8f849f-b3f2-4e2d-9765-126ca25043df",
                      "isHook": false,
                      "skipped": false
                    },
                    {
                      "title": "should have no accessibility warnings",
                      "fullTitle": "Accessibility Page /rfi/rfi-tasklist Pa11y tests for /rfi/rfi-tasklist should have no accessibility warnings",
                      "timedOut": false,
                      "duration": 0,
                      "state": "passed",
                      "speed": "fast",
                      "pass": true,
                      "fail": false,
                      "pending": false,
                      "context": null,
                      "code": "ensureNoAccessibilityAlerts('warning', issues);",
                      "err": {},
                      "uuid": "7754dbce-10aa-477c-819a-727edd40dde7",
                      "parentUUID": "6b8f849f-b3f2-4e2d-9765-126ca25043df",
                      "isHook": false,
                      "skipped": false
                    }
                  ],
                  "suites": [],
                  "passes": [
                    "e05ca008-187f-4393-96fc-3981fb0ef536",
                    "7754dbce-10aa-477c-819a-727edd40dde7"
                  ],
                  "failures": [],
                  "pending": [],
                  "skipped": [],
                  "duration": 0,
                  "root": false,
                  "rootEmpty": false,
                  "_timeout": 60000
                }
              ],
              "passes": [],
              "failures": [],
              "pending": [],
              "skipped": [],
              "duration": 0,
              "root": false,
              "rootEmpty": false,
              "_timeout": 60000
            },
            {
              "uuid": "e6ada9cc-91e0-463c-abdc-98c4b5327e8d",
              "title": "Page /rfi/type",
              "fullFile": "/Users/m_436812/Documents/GitHub/CCS/CaT/ccs-scale-cat-buyer-ui/src/test/a11y/a11y.ts",
              "file": "/src/test/a11y/a11y.ts",
              "beforeHooks": [],
              "afterHooks": [],
              "tests": [],
              "suites": [
                {
                  "uuid": "03893b08-5203-473a-b0ad-82eab0b239c5",
                  "title": "Pa11y tests for /rfi/type",
                  "fullFile": "/Users/m_436812/Documents/GitHub/CCS/CaT/ccs-scale-cat-buyer-ui/src/test/a11y/a11y.ts",
                  "file": "/src/test/a11y/a11y.ts",
                  "beforeHooks": [
                    {
                      "title": "\"before all\" hook",
                      "fullTitle": "Accessibility Page /rfi/type Pa11y tests for /rfi/type \"before all\" hook",
                      "timedOut": false,
                      "duration": 2287,
                      "state": null,
                      "speed": null,
                      "pass": false,
                      "fail": false,
                      "pending": false,
                      "context": null,
                      "code": "issues = await runPa11y(agent.get(uri).url);",
                      "err": {},
                      "uuid": "a21214d7-c1fb-4cfc-9bcf-a8fafd2e456f",
                      "parentUUID": "03893b08-5203-473a-b0ad-82eab0b239c5",
                      "isHook": true,
                      "skipped": false
                    }
                  ],
                  "afterHooks": [],
                  "tests": [
                    {
                      "title": "should have no accessibility errors",
                      "fullTitle": "Accessibility Page /rfi/type Pa11y tests for /rfi/type should have no accessibility errors",
                      "timedOut": false,
                      "duration": 0,
                      "state": "passed",
                      "speed": "fast",
                      "pass": true,
                      "fail": false,
                      "pending": false,
                      "context": null,
                      "code": "ensureNoAccessibilityAlerts('error', issues);",
                      "err": {},
                      "uuid": "6d6ce45b-15ec-4b05-8830-04a36d7c1abb",
                      "parentUUID": "03893b08-5203-473a-b0ad-82eab0b239c5",
                      "isHook": false,
                      "skipped": false
                    },
                    {
                      "title": "should have no accessibility warnings",
                      "fullTitle": "Accessibility Page /rfi/type Pa11y tests for /rfi/type should have no accessibility warnings",
                      "timedOut": false,
                      "duration": 0,
                      "state": "passed",
                      "speed": "fast",
                      "pass": true,
                      "fail": false,
                      "pending": false,
                      "context": null,
                      "code": "ensureNoAccessibilityAlerts('warning', issues);",
                      "err": {},
                      "uuid": "0d231818-becd-4a91-91d9-710c1aac3217",
                      "parentUUID": "03893b08-5203-473a-b0ad-82eab0b239c5",
                      "isHook": false,
                      "skipped": false
                    }
                  ],
                  "suites": [],
                  "passes": [
                    "6d6ce45b-15ec-4b05-8830-04a36d7c1abb",
                    "0d231818-becd-4a91-91d9-710c1aac3217"
                  ],
                  "failures": [],
                  "pending": [],
                  "skipped": [],
                  "duration": 0,
                  "root": false,
                  "rootEmpty": false,
                  "_timeout": 60000
                }
              ],
              "passes": [],
              "failures": [],
              "pending": [],
              "skipped": [],
              "duration": 0,
              "root": false,
              "rootEmpty": false,
              "_timeout": 60000
            },
            {
              "uuid": "79c6f173-a29a-48b0-b346-cad4904d44d9",
              "title": "Page /rfi/upload-doc",
              "fullFile": "/Users/m_436812/Documents/GitHub/CCS/CaT/ccs-scale-cat-buyer-ui/src/test/a11y/a11y.ts",
              "file": "/src/test/a11y/a11y.ts",
              "beforeHooks": [],
              "afterHooks": [],
              "tests": [],
              "suites": [
                {
                  "uuid": "735d6084-f720-4e29-ba95-425c9fa645c0",
                  "title": "Pa11y tests for /rfi/upload-doc",
                  "fullFile": "/Users/m_436812/Documents/GitHub/CCS/CaT/ccs-scale-cat-buyer-ui/src/test/a11y/a11y.ts",
                  "file": "/src/test/a11y/a11y.ts",
                  "beforeHooks": [
                    {
                      "title": "\"before all\" hook",
                      "fullTitle": "Accessibility Page /rfi/upload-doc Pa11y tests for /rfi/upload-doc \"before all\" hook",
                      "timedOut": false,
                      "duration": 2676,
                      "state": null,
                      "speed": null,
                      "pass": false,
                      "fail": false,
                      "pending": false,
                      "context": null,
                      "code": "issues = await runPa11y(agent.get(uri).url);",
                      "err": {},
                      "uuid": "b8753a44-3558-43c8-a804-b6fc02fb3a9d",
                      "parentUUID": "735d6084-f720-4e29-ba95-425c9fa645c0",
                      "isHook": true,
                      "skipped": false
                    }
                  ],
                  "afterHooks": [],
                  "tests": [
                    {
                      "title": "should have no accessibility errors",
                      "fullTitle": "Accessibility Page /rfi/upload-doc Pa11y tests for /rfi/upload-doc should have no accessibility errors",
                      "timedOut": false,
                      "duration": 0,
                      "state": "passed",
                      "speed": "fast",
                      "pass": true,
                      "fail": false,
                      "pending": false,
                      "context": null,
                      "code": "ensureNoAccessibilityAlerts('error', issues);",
                      "err": {},
                      "uuid": "8735ac0d-511f-40ae-bef7-4286c74124a6",
                      "parentUUID": "735d6084-f720-4e29-ba95-425c9fa645c0",
                      "isHook": false,
                      "skipped": false
                    },
                    {
                      "title": "should have no accessibility warnings",
                      "fullTitle": "Accessibility Page /rfi/upload-doc Pa11y tests for /rfi/upload-doc should have no accessibility warnings",
                      "timedOut": false,
                      "duration": 0,
                      "state": "passed",
                      "speed": "fast",
                      "pass": true,
                      "fail": false,
                      "pending": false,
                      "context": null,
                      "code": "ensureNoAccessibilityAlerts('warning', issues);",
                      "err": {},
                      "uuid": "c418e73d-d91b-4aae-a6cd-04738193c636",
                      "parentUUID": "735d6084-f720-4e29-ba95-425c9fa645c0",
                      "isHook": false,
                      "skipped": false
                    }
                  ],
                  "suites": [],
                  "passes": [
                    "8735ac0d-511f-40ae-bef7-4286c74124a6",
                    "c418e73d-d91b-4aae-a6cd-04738193c636"
                  ],
                  "failures": [],
                  "pending": [],
                  "skipped": [],
                  "duration": 0,
                  "root": false,
                  "rootEmpty": false,
                  "_timeout": 60000
                }
              ],
              "passes": [],
              "failures": [],
              "pending": [],
              "skipped": [],
              "duration": 0,
              "root": false,
              "rootEmpty": false,
              "_timeout": 60000
            },
            {
              "uuid": "bd58d292-1d46-4fa7-b696-6f364f8a22fb",
              "title": "Page /rft/users-procurement-lead",
              "fullFile": "/Users/m_436812/Documents/GitHub/CCS/CaT/ccs-scale-cat-buyer-ui/src/test/a11y/a11y.ts",
              "file": "/src/test/a11y/a11y.ts",
              "beforeHooks": [],
              "afterHooks": [],
              "tests": [],
              "suites": [
                {
                  "uuid": "9055738b-c91b-4731-b111-4c0d712be84f",
                  "title": "Pa11y tests for /rft/users-procurement-lead",
                  "fullFile": "/Users/m_436812/Documents/GitHub/CCS/CaT/ccs-scale-cat-buyer-ui/src/test/a11y/a11y.ts",
                  "file": "/src/test/a11y/a11y.ts",
                  "beforeHooks": [
                    {
                      "title": "\"before all\" hook",
                      "fullTitle": "Accessibility Page /rft/users-procurement-lead Pa11y tests for /rft/users-procurement-lead \"before all\" hook",
                      "timedOut": false,
                      "duration": 1856,
                      "state": null,
                      "speed": null,
                      "pass": false,
                      "fail": false,
                      "pending": false,
                      "context": null,
                      "code": "issues = await runPa11y(agent.get(uri).url);",
                      "err": {},
                      "uuid": "51534a80-a13b-46cc-b348-723f00875fa7",
                      "parentUUID": "9055738b-c91b-4731-b111-4c0d712be84f",
                      "isHook": true,
                      "skipped": false
                    }
                  ],
                  "afterHooks": [],
                  "tests": [
                    {
                      "title": "should have no accessibility errors",
                      "fullTitle": "Accessibility Page /rft/users-procurement-lead Pa11y tests for /rft/users-procurement-lead should have no accessibility errors",
                      "timedOut": false,
                      "duration": 0,
                      "state": "passed",
                      "speed": "fast",
                      "pass": true,
                      "fail": false,
                      "pending": false,
                      "context": null,
                      "code": "ensureNoAccessibilityAlerts('error', issues);",
                      "err": {},
                      "uuid": "47cb7148-a554-4453-a187-220d370c6507",
                      "parentUUID": "9055738b-c91b-4731-b111-4c0d712be84f",
                      "isHook": false,
                      "skipped": false
                    },
                    {
                      "title": "should have no accessibility warnings",
                      "fullTitle": "Accessibility Page /rft/users-procurement-lead Pa11y tests for /rft/users-procurement-lead should have no accessibility warnings",
                      "timedOut": false,
                      "duration": 0,
                      "state": "passed",
                      "speed": "fast",
                      "pass": true,
                      "fail": false,
                      "pending": false,
                      "context": null,
                      "code": "ensureNoAccessibilityAlerts('warning', issues);",
                      "err": {},
                      "uuid": "d3893756-947d-4474-a9d0-3d37875656c2",
                      "parentUUID": "9055738b-c91b-4731-b111-4c0d712be84f",
                      "isHook": false,
                      "skipped": false
                    }
                  ],
                  "suites": [],
                  "passes": [
                    "47cb7148-a554-4453-a187-220d370c6507",
                    "d3893756-947d-4474-a9d0-3d37875656c2"
                  ],
                  "failures": [],
                  "pending": [],
                  "skipped": [],
                  "duration": 0,
                  "root": false,
                  "rootEmpty": false,
                  "_timeout": 60000
                }
              ],
              "passes": [],
              "failures": [],
              "pending": [],
              "skipped": [],
              "duration": 0,
              "root": false,
              "rootEmpty": false,
              "_timeout": 60000
            },
            {
              "uuid": "e1176f84-4fb5-4f33-8acb-e7cb65b34ec8",
              "title": "Page /rfi/get-collaborator-detail",
              "fullFile": "/Users/m_436812/Documents/GitHub/CCS/CaT/ccs-scale-cat-buyer-ui/src/test/a11y/a11y.ts",
              "file": "/src/test/a11y/a11y.ts",
              "beforeHooks": [],
              "afterHooks": [],
              "tests": [],
              "suites": [
                {
                  "uuid": "6d57d085-4789-415d-bbf4-ed1658d40788",
                  "title": "Pa11y tests for /rfi/get-collaborator-detail",
                  "fullFile": "/Users/m_436812/Documents/GitHub/CCS/CaT/ccs-scale-cat-buyer-ui/src/test/a11y/a11y.ts",
                  "file": "/src/test/a11y/a11y.ts",
                  "beforeHooks": [
                    {
                      "title": "\"before all\" hook",
                      "fullTitle": "Accessibility Page /rfi/get-collaborator-detail Pa11y tests for /rfi/get-collaborator-detail \"before all\" hook",
                      "timedOut": false,
                      "duration": 1796,
                      "state": null,
                      "speed": null,
                      "pass": false,
                      "fail": false,
                      "pending": false,
                      "context": null,
                      "code": "issues = await runPa11y(agent.get(uri).url);",
                      "err": {},
                      "uuid": "3dfaeb60-1027-4bd0-8f47-a043830daaae",
                      "parentUUID": "6d57d085-4789-415d-bbf4-ed1658d40788",
                      "isHook": true,
                      "skipped": false
                    }
                  ],
                  "afterHooks": [],
                  "tests": [
                    {
                      "title": "should have no accessibility errors",
                      "fullTitle": "Accessibility Page /rfi/get-collaborator-detail Pa11y tests for /rfi/get-collaborator-detail should have no accessibility errors",
                      "timedOut": false,
                      "duration": 0,
                      "state": "passed",
                      "speed": "fast",
                      "pass": true,
                      "fail": false,
                      "pending": false,
                      "context": null,
                      "code": "ensureNoAccessibilityAlerts('error', issues);",
                      "err": {},
                      "uuid": "3270ec74-a329-4610-afba-4c4832e7e6af",
                      "parentUUID": "6d57d085-4789-415d-bbf4-ed1658d40788",
                      "isHook": false,
                      "skipped": false
                    },
                    {
                      "title": "should have no accessibility warnings",
                      "fullTitle": "Accessibility Page /rfi/get-collaborator-detail Pa11y tests for /rfi/get-collaborator-detail should have no accessibility warnings",
                      "timedOut": false,
                      "duration": 0,
                      "state": "passed",
                      "speed": "fast",
                      "pass": true,
                      "fail": false,
                      "pending": false,
                      "context": null,
                      "code": "ensureNoAccessibilityAlerts('warning', issues);",
                      "err": {},
                      "uuid": "9b01771e-b804-4f12-a9f8-c32cc1a10513",
                      "parentUUID": "6d57d085-4789-415d-bbf4-ed1658d40788",
                      "isHook": false,
                      "skipped": false
                    }
                  ],
                  "suites": [],
                  "passes": [
                    "3270ec74-a329-4610-afba-4c4832e7e6af",
                    "9b01771e-b804-4f12-a9f8-c32cc1a10513"
                  ],
                  "failures": [],
                  "pending": [],
                  "skipped": [],
                  "duration": 0,
                  "root": false,
                  "rootEmpty": false,
                  "_timeout": 60000
                }
              ],
              "passes": [],
              "failures": [],
              "pending": [],
              "skipped": [],
              "duration": 0,
              "root": false,
              "rootEmpty": false,
              "_timeout": 60000
            },
            {
              "uuid": "11a22725-c69c-4e4d-8a55-b5b4fab91b3d",
              "title": "Page /rfi/add-collaborator-detail",
              "fullFile": "/Users/m_436812/Documents/GitHub/CCS/CaT/ccs-scale-cat-buyer-ui/src/test/a11y/a11y.ts",
              "file": "/src/test/a11y/a11y.ts",
              "beforeHooks": [],
              "afterHooks": [],
              "tests": [],
              "suites": [
                {
                  "uuid": "7e046a60-ae55-4a58-8592-2989512bac3c",
                  "title": "Pa11y tests for /rfi/add-collaborator-detail",
                  "fullFile": "/Users/m_436812/Documents/GitHub/CCS/CaT/ccs-scale-cat-buyer-ui/src/test/a11y/a11y.ts",
                  "file": "/src/test/a11y/a11y.ts",
                  "beforeHooks": [
                    {
                      "title": "\"before all\" hook",
                      "fullTitle": "Accessibility Page /rfi/add-collaborator-detail Pa11y tests for /rfi/add-collaborator-detail \"before all\" hook",
                      "timedOut": false,
                      "duration": 1769,
                      "state": null,
                      "speed": null,
                      "pass": false,
                      "fail": false,
                      "pending": false,
                      "context": null,
                      "code": "issues = await runPa11y(agent.get(uri).url);",
                      "err": {},
                      "uuid": "b185c8fe-9224-4790-a499-64fe893e90c4",
                      "parentUUID": "7e046a60-ae55-4a58-8592-2989512bac3c",
                      "isHook": true,
                      "skipped": false
                    }
                  ],
                  "afterHooks": [],
                  "tests": [
                    {
                      "title": "should have no accessibility errors",
                      "fullTitle": "Accessibility Page /rfi/add-collaborator-detail Pa11y tests for /rfi/add-collaborator-detail should have no accessibility errors",
                      "timedOut": false,
                      "duration": 0,
                      "state": "passed",
                      "speed": "fast",
                      "pass": true,
                      "fail": false,
                      "pending": false,
                      "context": null,
                      "code": "ensureNoAccessibilityAlerts('error', issues);",
                      "err": {},
                      "uuid": "c2d372a4-b924-4644-8c30-3decdbd36ebf",
                      "parentUUID": "7e046a60-ae55-4a58-8592-2989512bac3c",
                      "isHook": false,
                      "skipped": false
                    },
                    {
                      "title": "should have no accessibility warnings",
                      "fullTitle": "Accessibility Page /rfi/add-collaborator-detail Pa11y tests for /rfi/add-collaborator-detail should have no accessibility warnings",
                      "timedOut": false,
                      "duration": 0,
                      "state": "passed",
                      "speed": "fast",
                      "pass": true,
                      "fail": false,
                      "pending": false,
                      "context": null,
                      "code": "ensureNoAccessibilityAlerts('warning', issues);",
                      "err": {},
                      "uuid": "80c2114d-b9e6-4f40-92ad-f59f5090c903",
                      "parentUUID": "7e046a60-ae55-4a58-8592-2989512bac3c",
                      "isHook": false,
                      "skipped": false
                    }
                  ],
                  "suites": [],
                  "passes": [
                    "c2d372a4-b924-4644-8c30-3decdbd36ebf",
                    "80c2114d-b9e6-4f40-92ad-f59f5090c903"
                  ],
                  "failures": [],
                  "pending": [],
                  "skipped": [],
                  "duration": 0,
                  "root": false,
                  "rootEmpty": false,
                  "_timeout": 60000
                }
              ],
              "passes": [],
              "failures": [],
              "pending": [],
              "skipped": [],
              "duration": 0,
              "root": false,
              "rootEmpty": false,
              "_timeout": 60000
            },
            {
              "uuid": "d65947fc-a844-49ee-9e61-84e8123f8b37",
              "title": "Page /rfi/proceed-collaborators",
              "fullFile": "/Users/m_436812/Documents/GitHub/CCS/CaT/ccs-scale-cat-buyer-ui/src/test/a11y/a11y.ts",
              "file": "/src/test/a11y/a11y.ts",
              "beforeHooks": [],
              "afterHooks": [],
              "tests": [],
              "suites": [
                {
                  "uuid": "148c3e3b-841b-4ba0-9e74-106636fe28ca",
                  "title": "Pa11y tests for /rfi/proceed-collaborators",
                  "fullFile": "/Users/m_436812/Documents/GitHub/CCS/CaT/ccs-scale-cat-buyer-ui/src/test/a11y/a11y.ts",
                  "file": "/src/test/a11y/a11y.ts",
                  "beforeHooks": [
                    {
                      "title": "\"before all\" hook",
                      "fullTitle": "Accessibility Page /rfi/proceed-collaborators Pa11y tests for /rfi/proceed-collaborators \"before all\" hook",
                      "timedOut": false,
                      "duration": 1733,
                      "state": null,
                      "speed": null,
                      "pass": false,
                      "fail": false,
                      "pending": false,
                      "context": null,
                      "code": "issues = await runPa11y(agent.get(uri).url);",
                      "err": {},
                      "uuid": "abafe590-1918-4f8c-bc0a-9d8277a93791",
                      "parentUUID": "148c3e3b-841b-4ba0-9e74-106636fe28ca",
                      "isHook": true,
                      "skipped": false
                    }
                  ],
                  "afterHooks": [],
                  "tests": [
                    {
                      "title": "should have no accessibility errors",
                      "fullTitle": "Accessibility Page /rfi/proceed-collaborators Pa11y tests for /rfi/proceed-collaborators should have no accessibility errors",
                      "timedOut": false,
                      "duration": 1,
                      "state": "passed",
                      "speed": "fast",
                      "pass": true,
                      "fail": false,
                      "pending": false,
                      "context": null,
                      "code": "ensureNoAccessibilityAlerts('error', issues);",
                      "err": {},
                      "uuid": "0ab5f51d-7449-4344-9773-f4c013a8df0f",
                      "parentUUID": "148c3e3b-841b-4ba0-9e74-106636fe28ca",
                      "isHook": false,
                      "skipped": false
                    },
                    {
                      "title": "should have no accessibility warnings",
                      "fullTitle": "Accessibility Page /rfi/proceed-collaborators Pa11y tests for /rfi/proceed-collaborators should have no accessibility warnings",
                      "timedOut": false,
                      "duration": 0,
                      "state": "passed",
                      "speed": "fast",
                      "pass": true,
                      "fail": false,
                      "pending": false,
                      "context": null,
                      "code": "ensureNoAccessibilityAlerts('warning', issues);",
                      "err": {},
                      "uuid": "caedb5e5-00b9-46ac-9c6c-aa7cee31e759",
                      "parentUUID": "148c3e3b-841b-4ba0-9e74-106636fe28ca",
                      "isHook": false,
                      "skipped": false
                    }
                  ],
                  "suites": [],
                  "passes": [
                    "0ab5f51d-7449-4344-9773-f4c013a8df0f",
                    "caedb5e5-00b9-46ac-9c6c-aa7cee31e759"
                  ],
                  "failures": [],
                  "pending": [],
                  "skipped": [],
                  "duration": 1,
                  "root": false,
                  "rootEmpty": false,
                  "_timeout": 60000
                }
              ],
              "passes": [],
              "failures": [],
              "pending": [],
              "skipped": [],
              "duration": 0,
              "root": false,
              "rootEmpty": false,
              "_timeout": 60000
            },
            {
              "uuid": "a7d9a522-8f57-4aec-99d7-2d625025f0d5",
              "title": "Page /rfi/name",
              "fullFile": "/Users/m_436812/Documents/GitHub/CCS/CaT/ccs-scale-cat-buyer-ui/src/test/a11y/a11y.ts",
              "file": "/src/test/a11y/a11y.ts",
              "beforeHooks": [],
              "afterHooks": [],
              "tests": [],
              "suites": [
                {
                  "uuid": "9fbfbacf-2c64-465f-9050-b0c6e6b9e627",
                  "title": "Pa11y tests for /rfi/name",
                  "fullFile": "/Users/m_436812/Documents/GitHub/CCS/CaT/ccs-scale-cat-buyer-ui/src/test/a11y/a11y.ts",
                  "file": "/src/test/a11y/a11y.ts",
                  "beforeHooks": [
                    {
                      "title": "\"before all\" hook",
                      "fullTitle": "Accessibility Page /rfi/name Pa11y tests for /rfi/name \"before all\" hook",
                      "timedOut": false,
                      "duration": 1819,
                      "state": null,
                      "speed": null,
                      "pass": false,
                      "fail": false,
                      "pending": false,
                      "context": null,
                      "code": "issues = await runPa11y(agent.get(uri).url);",
                      "err": {},
                      "uuid": "ba84dc6b-160c-4773-a6b3-98ec1297e53c",
                      "parentUUID": "9fbfbacf-2c64-465f-9050-b0c6e6b9e627",
[...]
                      "err": {},
                      "uuid": "db4ee8c1-cfeb-488d-88e7-50035bdcf8e8",
                      "parentUUID": "9fbfbacf-2c64-465f-9050-b0c6e6b9e627",
                      "isHook": false,
                      "skipped": false
                    },
                    {
                      "title": "should have no accessibility warnings",
                      "fullTitle": "Accessibility Page /rfi/name Pa11y tests for /rfi/name should have no accessibility warnings",
                      "timedOut": false,
                      "duration": 0,
                      "state": "passed",
                      "speed": "fast",
                      "pass": true,
                      "fail": false,
                      "pending": false,
                      "context": null,
                      "code": "ensureNoAccessibilityAlerts('warning', issues);",
                      "err": {},
                      "uuid": "26feec48-354b-4a97-b394-938f469d6318",
                      "parentUUID": "9fbfbacf-2c64-465f-9050-b0c6e6b9e627",
                      "isHook": false,
                      "skipped": false
                    }
                  ],
                  "suites": [],
                  "passes": [
                    "db4ee8c1-cfeb-488d-88e7-50035bdcf8e8",
                    "26feec48-354b-4a97-b394-938f469d6318"
                  ],
                  "failures": [],
                  "pending": [],
                  "skipped": [],
                  "duration": 0,
                  "root": false,
                  "rootEmpty": false,
                  "_timeout": 60000
                }
              ],
              "passes": [],
              "failures": [],
              "pending": [],
              "skipped": [],
              "duration": 0,
              "root": false,
              "rootEmpty": false,
              "_timeout": 60000
            },
            {
              "uuid": "22f69514-db4c-4d46-b055-6f6116c06c4e",
              "title": "Page /rfi/questionnaire",
              "fullFile": "/Users/m_436812/Documents/GitHub/CCS/CaT/ccs-scale-cat-buyer-ui/src/test/a11y/a11y.ts",
              "file": "/src/test/a11y/a11y.ts",
              "beforeHooks": [],
              "afterHooks": [],
              "tests": [],
              "suites": [
                {
                  "uuid": "452a1a5a-e46c-4075-a93f-fbb99af3e0d3",
                  "title": "Pa11y tests for /rfi/questionnaire",
                  "fullFile": "/Users/m_436812/Documents/GitHub/CCS/CaT/ccs-scale-cat-buyer-ui/src/test/a11y/a11y.ts",
                  "file": "/src/test/a11y/a11y.ts",
                  "beforeHooks": [
                    {
                      "title": "\"before all\" hook",
                      "fullTitle": "Accessibility Page /rfi/questionnaire Pa11y tests for /rfi/questionnaire \"before all\" hook",
                      "timedOut": false,
                      "duration": 1861,
                      "state": null,
                      "speed": null,
                      "pass": false,
                      "fail": false,
                      "pending": false,
                      "context": null,
                      "code": "issues = await runPa11y(agent.get(uri).url);",
                      "err": {},
                      "uuid": "71ded758-6bde-4c63-b544-22fd8a17aa43",
                      "parentUUID": "452a1a5a-e46c-4075-a93f-fbb99af3e0d3",
                      "isHook": true,
                      "skipped": false
                    }
                  ],
                  "afterHooks": [],
                  "tests": [
                    {
                      "title": "should have no accessibility errors",
                      "fullTitle": "Accessibility Page /rfi/questionnaire Pa11y tests for /rfi/questionnaire should have no accessibility errors",
                      "timedOut": false,
                      "duration": 0,
                      "state": "passed",
                      "speed": "fast",
                      "pass": true,
                      "fail": false,
                      "pending": false,
                      "context": null,
                      "code": "ensureNoAccessibilityAlerts('error', issues);",
                      "err": {},
                      "uuid": "7f956e95-20ee-4bb4-8283-b159484c396a",
                      "parentUUID": "452a1a5a-e46c-4075-a93f-fbb99af3e0d3",
                      "isHook": false,
                      "skipped": false
                    },
                    {
                      "title": "should have no accessibility warnings",
                      "fullTitle": "Accessibility Page /rfi/questionnaire Pa11y tests for /rfi/questionnaire should have no accessibility warnings",
                      "timedOut": false,
                      "duration": 0,
                      "state": "passed",
                      "speed": "fast",
                      "pass": true,
                      "fail": false,
                      "pending": false,
                      "context": null,
                      "code": "ensureNoAccessibilityAlerts('warning', issues);",
                      "err": {},
                      "uuid": "8bba26b5-6516-415c-9fcb-082a27e0a2a1",
                      "parentUUID": "452a1a5a-e46c-4075-a93f-fbb99af3e0d3",
                      "isHook": false,
                      "skipped": false
                    }
                  ],
                  "suites": [],
                  "passes": [
                    "7f956e95-20ee-4bb4-8283-b159484c396a",
                    "8bba26b5-6516-415c-9fcb-082a27e0a2a1"
                  ],
                  "failures": [],
                  "pending": [],
                  "skipped": [],
                  "duration": 0,
                  "root": false,
                  "rootEmpty": false,
                  "_timeout": 60000
                }
              ],
              "passes": [],
              "failures": [],
              "pending": [],
              "skipped": [],
              "duration": 0,
              "root": false,
              "rootEmpty": false,
              "_timeout": 60000
            },
            {
              "uuid": "cddee426-d570-4731-8e46-17ceadb3286a",
              "title": "Page /rfi/questions/who",
              "fullFile": "/Users/m_436812/Documents/GitHub/CCS/CaT/ccs-scale-cat-buyer-ui/src/test/a11y/a11y.ts",
              "file": "/src/test/a11y/a11y.ts",
              "beforeHooks": [],
              "afterHooks": [],
              "tests": [],
              "suites": [
                {
                  "uuid": "53869664-649d-4877-88dd-df1a6a457356",
                  "title": "Pa11y tests for /rfi/questions/who",
                  "fullFile": "/Users/m_436812/Documents/GitHub/CCS/CaT/ccs-scale-cat-buyer-ui/src/test/a11y/a11y.ts",
                  "file": "/src/test/a11y/a11y.ts",
                  "beforeHooks": [
                    {
                      "title": "\"before all\" hook",
                      "fullTitle": "Accessibility Page /rfi/questions/who Pa11y tests for /rfi/questions/who \"before all\" hook",
                      "timedOut": false,
                      "duration": 1799,
                      "state": null,
                      "speed": null,
                      "pass": false,
                      "fail": false,
                      "pending": false,
                      "context": null,
                      "code": "issues = await runPa11y(agent.get(uri).url);",
                      "err": {},
                      "uuid": "4d0f574b-dcff-4fcf-af52-9afcd8f1c74b",
                      "parentUUID": "53869664-649d-4877-88dd-df1a6a457356",
                      "isHook": true,
                      "skipped": false
                    }
                  ],
                  "afterHooks": [],
                  "tests": [
                    {
                      "title": "should have no accessibility errors",
                      "fullTitle": "Accessibility Page /rfi/questions/who Pa11y tests for /rfi/questions/who should have no accessibility errors",
                      "timedOut": false,
                      "duration": 0,
                      "state": "passed",
                      "speed": "fast",
                      "pass": true,
                      "fail": false,
                      "pending": false,
                      "context": null,
                      "code": "ensureNoAccessibilityAlerts('error', issues);",
                      "err": {},
                      "uuid": "24358467-8ac8-4357-a910-bb2e5b064363",
                      "parentUUID": "53869664-649d-4877-88dd-df1a6a457356",
                      "isHook": false,
                      "skipped": false
                    },
                    {
                      "title": "should have no accessibility warnings",
                      "fullTitle": "Accessibility Page /rfi/questions/who Pa11y tests for /rfi/questions/who should have no accessibility warnings",
                      "timedOut": false,
                      "duration": 0,
                      "state": "passed",
                      "speed": "fast",
                      "pass": true,
                      "fail": false,
                      "pending": false,
                      "context": null,
                      "code": "ensureNoAccessibilityAlerts('warning', issues);",
                      "err": {},
                      "uuid": "0e59fd18-94d2-438b-b5c0-02ef263e4cbe",
                      "parentUUID": "53869664-649d-4877-88dd-df1a6a457356",
                      "isHook": false,
                      "skipped": false
                    }
                  ],
                  "suites": [],
                  "passes": [
                    "24358467-8ac8-4357-a910-bb2e5b064363",
                    "0e59fd18-94d2-438b-b5c0-02ef263e4cbe"
                  ],
                  "failures": [],
                  "pending": [],
                  "skipped": [],
                  "duration": 0,
                  "root": false,
                  "rootEmpty": false,
                  "_timeout": 60000
                }
              ],
              "passes": [],
              "failures": [],
              "pending": [],
              "skipped": [],
              "duration": 0,
              "root": false,
              "rootEmpty": false,
              "_timeout": 60000
            },
            {
              "uuid": "9312b9bf-d422-4d31-81ec-9415f2fda96f",
              "title": "Page /rfi/type",
              "fullFile": "/Users/m_436812/Documents/GitHub/CCS/CaT/ccs-scale-cat-buyer-ui/src/test/a11y/a11y.ts",
              "file": "/src/test/a11y/a11y.ts",
              "beforeHooks": [],
              "afterHooks": [],
              "tests": [],
              "suites": [
                {
                  "uuid": "27e06175-5619-4661-ad3f-eaf65ebc5446",
                  "title": "Pa11y tests for /rfi/type",
                  "fullFile": "/Users/m_436812/Documents/GitHub/CCS/CaT/ccs-scale-cat-buyer-ui/src/test/a11y/a11y.ts",
                  "file": "/src/test/a11y/a11y.ts",
                  "beforeHooks": [
                    {
                      "title": "\"before all\" hook",
                      "fullTitle": "Accessibility Page /rfi/type Pa11y tests for /rfi/type \"before all\" hook",
                      "timedOut": false,
                      "duration": 2220,
                      "state": null,
                      "speed": null,
                      "pass": false,
                      "fail": false,
                      "pending": false,
                      "context": null,
                      "code": "issues = await runPa11y(agent.get(uri).url);",
                      "err": {},
                      "uuid": "82a19ad3-a6c4-4e29-b9bd-8752233c40db",
                      "parentUUID": "27e06175-5619-4661-ad3f-eaf65ebc5446",
                      "isHook": true,
                      "skipped": false
                    }
                  ],
                  "afterHooks": [],
                  "tests": [
                    {
                      "title": "should have no accessibility errors",
                      "fullTitle": "Accessibility Page /rfi/type Pa11y tests for /rfi/type should have no accessibility errors",
                      "timedOut": false,
                      "duration": 0,
                      "state": "passed",
                      "speed": "fast",
                      "pass": true,
                      "fail": false,
                      "pending": false,
                      "context": null,
                      "code": "ensureNoAccessibilityAlerts('error', issues);",
                      "err": {},
                      "uuid": "aa833f12-2793-40d1-84ac-4dc9da52f401",
                      "parentUUID": "27e06175-5619-4661-ad3f-eaf65ebc5446",
                      "isHook": false,
                      "skipped": false
                    },
                    {
                      "title": "should have no accessibility warnings",
                      "fullTitle": "Accessibility Page /rfi/type Pa11y tests for /rfi/type should have no accessibility warnings",
                      "timedOut": false,
                      "duration": 0,
                      "state": "passed",
                      "speed": "fast",
                      "pass": true,
                      "fail": false,
                      "pending": false,
                      "context": null,
                      "code": "ensureNoAccessibilityAlerts('warning', issues);",
                      "err": {},
                      "uuid": "a82287e6-1f00-4a31-b550-8952f916782f",
                      "parentUUID": "27e06175-5619-4661-ad3f-eaf65ebc5446",
                      "isHook": false,
                      "skipped": false
                    }
                  ],
                  "suites": [],
                  "passes": [
                    "aa833f12-2793-40d1-84ac-4dc9da52f401",
                    "a82287e6-1f00-4a31-b550-8952f916782f"
                  ],
                  "failures": [],
                  "pending": [],
                  "skipped": [],
                  "duration": 0,
                  "root": false,
                  "rootEmpty": false,
                  "_timeout": 60000
                }
              ],
              "passes": [],
              "failures": [],
              "pending": [],
              "skipped": [],
              "duration": 0,
              "root": false,
              "rootEmpty": false,
              "_timeout": 60000
            },
            {
              "uuid": "48c3148d-a63f-4878-9aa2-bd35c64e4c1d",
              "title": "Page /rfi/procurement-lead",
              "fullFile": "/Users/m_436812/Documents/GitHub/CCS/CaT/ccs-scale-cat-buyer-ui/src/test/a11y/a11y.ts",
              "file": "/src/test/a11y/a11y.ts",
              "beforeHooks": [],
              "afterHooks": [],
              "tests": [],
              "suites": [
                {
                  "uuid": "2e6ad3ed-8b6c-481a-9166-e2a11605a487",
                  "title": "Pa11y tests for /rfi/procurement-lead",
                  "fullFile": "/Users/m_436812/Documents/GitHub/CCS/CaT/ccs-scale-cat-buyer-ui/src/test/a11y/a11y.ts",
                  "file": "/src/test/a11y/a11y.ts",
                  "beforeHooks": [
                    {
                      "title": "\"before all\" hook",
                      "fullTitle": "Accessibility Page /rfi/procurement-lead Pa11y tests for /rfi/procurement-lead \"before all\" hook",
                      "timedOut": false,
                      "duration": 2247,
                      "state": null,
                      "speed": null,
                      "pass": false,
                      "fail": false,
                      "pending": false,
                      "context": null,
                      "code": "issues = await runPa11y(agent.get(uri).url);",
                      "err": {},
                      "uuid": "ddeeaa68-80f9-49fe-a924-0ecf44749c19",
                      "parentUUID": "2e6ad3ed-8b6c-481a-9166-e2a11605a487",
                      "isHook": true,
                      "skipped": false
                    }
                  ],
                  "afterHooks": [],
                  "tests": [
                    {
                      "title": "should have no accessibility errors",
                      "fullTitle": "Accessibility Page /rfi/procurement-lead Pa11y tests for /rfi/procurement-lead should have no accessibility errors",
                      "timedOut": false,
                      "duration": 1,
                      "state": "passed",
                      "speed": "fast",
                      "pass": true,
                      "fail": false,
                      "pending": false,
                      "context": null,
                      "code": "ensureNoAccessibilityAlerts('error', issues);",
                      "err": {},
                      "uuid": "3397fcbf-9f94-42e9-b75d-3448844df2e9",
                      "parentUUID": "2e6ad3ed-8b6c-481a-9166-e2a11605a487",
                      "isHook": false,
                      "skipped": false
                    },
                    {
                      "title": "should have no accessibility warnings",
                      "fullTitle": "Accessibility Page /rfi/procurement-lead Pa11y tests for /rfi/procurement-lead should have no accessibility warnings",
                      "timedOut": false,
                      "duration": 0,
                      "state": "passed",
                      "speed": "fast",
                      "pass": true,
                      "fail": false,
                      "pending": false,
                      "context": null,
                      "code": "ensureNoAccessibilityAlerts('warning', issues);",
                      "err": {},
                      "uuid": "ef9765e5-7683-46e1-a2d7-9b483e1e9c75",
                      "parentUUID": "2e6ad3ed-8b6c-481a-9166-e2a11605a487",
                      "isHook": false,
                      "skipped": false
                    }
                  ],
                  "suites": [],
                  "passes": [
                    "3397fcbf-9f94-42e9-b75d-3448844df2e9",
                    "ef9765e5-7683-46e1-a2d7-9b483e1e9c75"
                  ],
                  "failures": [],
                  "pending": [],
                  "skipped": [],
                  "duration": 1,
                  "root": false,
                  "rootEmpty": false,
                  "_timeout": 60000
                }
              ],
              "passes": [],
              "failures": [],
              "pending": [],
              "skipped": [],
              "duration": 0,
              "root": false,
              "rootEmpty": false,
              "_timeout": 60000
            }
          ],
          "passes": [],
          "failures": [],
          "pending": [],
          "skipped": [],
          "duration": 0,
          "root": false,
          "rootEmpty": false,
          "_timeout": 60000
        }
      ],
      "passes": [],
      "failures": [],
      "pending": [],
      "skipped": [],
      "duration": 0,
      "root": true,
      "rootEmpty": true,
      "_timeout": 60000
    }
  ],
  "meta": {
    "mocha": {
      "version": "6.2.3"
    },
    "mochawesome": {
      "options": {
        "quiet": false,
        "reportFilename": "a11y",
        "saveHtml": true,
        "saveJson": true,
        "consoleReporter": "spec",
        "useInlineDiffs": false
      },
      "version": "4.1.0"
    },
    "marge": {
      "options": {
        "reportFilename": "a11y",
        "inlineAssets": "true",
        "reportTitle": "CaT-buyer-frontend-a11y"
      },
      "version": "4.1.0"
    }
  }
}